<?xml version="1.0" encoding="utf-8"?>
<coverage line-rate="0.8787" branch-rate="0.9285" version="1.9" timestamp="1688409912" lines-covered="29" lines-valid="33" branches-covered="13" branches-valid="14">
  <sources>
    <source>D:\</source>
  </sources>
  <packages>
    <package name="SquareEquationLib" line-rate="0.8787" branch-rate="0.9285" complexity="14">
      <classes>
        <class name="SquareEquationLib.SquareEquation" filename="Code\OmSTU-AMCS-SummerPractice2023\SquareEquationLib\SquareEquation.cs" line-rate="0.8787" branch-rate="0.9285" complexity="14">
          <methods>
            <method name="Solve" signature="(System.Double,System.Double,System.Double)" line-rate="0.8787" branch-rate="0.9285" complexity="14">
              <lines>
                <line number="6" hits="23" branch="False" />
                <line number="8" hits="23" branch="False" />
                <line number="9" hits="23" branch="False" />
                <line number="10" hits="23" branch="False" />
                <line number="11" hits="23" branch="True" condition-coverage="100% (8/8)">
                  <conditions>
                    <condition number="43" type="jump" coverage="100%" />
                    <condition number="52" type="jump" coverage="100%" />
                    <condition number="61" type="jump" coverage="100%" />
                    <condition number="77" type="jump" coverage="100%" />
                  </conditions>
                </line>
                <line number="12" hits="20" branch="False" />
                <line number="14" hits="3" branch="False" />
                <line number="15" hits="3" branch="False" />
                <line number="16" hits="3" branch="False" />
                <line number="17" hits="3" branch="False" />
                <line number="18" hits="3" branch="True" condition-coverage="100% (2/2)">
                  <conditions>
                    <condition number="133" type="jump" coverage="100%" />
                  </conditions>
                </line>
                <line number="19" hits="1" branch="False" />
                <line number="20" hits="1" branch="False" />
                <line number="21" hits="1" branch="False" />
                <line number="22" hits="2" branch="True" condition-coverage="100% (2/2)">
                  <conditions>
                    <condition number="162" type="jump" coverage="100%" />
                  </conditions>
                </line>
                <line number="23" hits="1" branch="False" />
                <line number="24" hits="1" branch="False" />
                <line number="25" hits="1" branch="False" />
                <line number="26" hits="1" branch="False" />
                <line number="28" hits="1" branch="False" />
                <line number="30" hits="1" branch="True" condition-coverage="50% (1/2)">
                  <conditions>
                    <condition number="229" type="jump" coverage="50%" />
                  </conditions>
                </line>
                <line number="31" hits="0" branch="False" />
                <line number="32" hits="0" branch="False" />
                <line number="33" hits="0" branch="False" />
                <line number="34" hits="0" branch="False" />
                <line number="36" hits="1" branch="False" />
                <line number="37" hits="1" branch="False" />
                <line number="38" hits="1" branch="False" />
                <line number="39" hits="1" branch="False" />
                <line number="40" hits="1" branch="False" />
                <line number="41" hits="1" branch="False" />
                <line number="42" hits="3" branch="False" />
                <line number="44" hits="3" branch="False" />
              </lines>
            </method>
          </methods>
          <lines>
            <line number="6" hits="23" branch="False" />
            <line number="8" hits="23" branch="False" />
            <line number="9" hits="23" branch="False" />
            <line number="10" hits="23" branch="False" />
            <line number="11" hits="23" branch="True" condition-coverage="100% (8/8)">
              <conditions>
                <condition number="43" type="jump" coverage="100%" />
                <condition number="52" type="jump" coverage="100%" />
                <condition number="61" type="jump" coverage="100%" />
                <condition number="77" type="jump" coverage="100%" />
              </conditions>
            </line>
            <line number="12" hits="20" branch="False" />
            <line number="14" hits="3" branch="False" />
            <line number="15" hits="3" branch="False" />
            <line number="16" hits="3" branch="False" />
            <line number="17" hits="3" branch="False" />
            <line number="18" hits="3" branch="True" condition-coverage="100% (2/2)">
              <conditions>
                <condition number="133" type="jump" coverage="100%" />
              </conditions>
            </line>
            <line number="19" hits="1" branch="False" />
            <line number="20" hits="1" branch="False" />
            <line number="21" hits="1" branch="False" />
            <line number="22" hits="2" branch="True" condition-coverage="100% (2/2)">
              <conditions>
                <condition number="162" type="jump" coverage="100%" />
              </conditions>
            </line>
            <line number="23" hits="1" branch="False" />
            <line number="24" hits="1" branch="False" />
            <line number="25" hits="1" branch="False" />
            <line number="26" hits="1" branch="False" />
            <line number="28" hits="1" branch="False" />
            <line number="30" hits="1" branch="True" condition-coverage="50% (1/2)">
              <conditions>
                <condition number="229" type="jump" coverage="50%" />
              </conditions>
            </line>
            <line number="31" hits="0" branch="False" />
            <line number="32" hits="0" branch="False" />
            <line number="33" hits="0" branch="False" />
            <line number="34" hits="0" branch="False" />
            <line number="36" hits="1" branch="False" />
            <line number="37" hits="1" branch="False" />
            <line number="38" hits="1" branch="False" />
            <line number="39" hits="1" branch="False" />
            <line number="40" hits="1" branch="False" />
            <line number="41" hits="1" branch="False" />
            <line number="42" hits="3" branch="False" />
            <line number="44" hits="3" branch="False" />
          </lines>
        </class>
      </classes>
    </package>
  </packages>
</coverage>