<?xml version="1.0" encoding="utf-8"?>
<coverage line-rate="0.9062" branch-rate="0.875" version="1.9" timestamp="1688034844" lines-covered="29" lines-valid="32" branches-covered="14" branches-valid="16">
  <sources>
    <source>D:\</source>
  </sources>
  <packages>
    <package name="SquareEquationLib" line-rate="0.9062" branch-rate="0.875" complexity="16">
      <classes>
        <class name="SquareEquationLib.SquareEquation" filename="Code\OmSTU-AMCS-SummerPractice2023\SquareEquationLib\SquareEquation.cs" line-rate="0.9062" branch-rate="0.875" complexity="16">
          <methods>
            <method name="Solve" signature="(System.Double,System.Double,System.Double)" line-rate="0.9062" branch-rate="0.875" complexity="16">
              <lines>
                <line number="6" hits="22" branch="False" />
                <line number="8" hits="22" branch="False" />
                <line number="9" hits="22" branch="False" />
                <line number="10" hits="22" branch="False" />
                <line number="11" hits="22" branch="True" condition-coverage="100% (8/8)">
                  <conditions>
                    <condition number="43" type="jump" coverage="100%" />
                    <condition number="52" type="jump" coverage="100%" />
                    <condition number="61" type="jump" coverage="100%" />
                    <condition number="77" type="jump" coverage="100%" />
                  </conditions>
                </line>
                <line number="12" hits="10" branch="False" />
                <line number="14" hits="12" branch="False" />
                <line number="15" hits="12" branch="False" />
                <line number="16" hits="12" branch="False" />
                <line number="17" hits="12" branch="False" />
                <line number="18" hits="12" branch="True" condition-coverage="100% (2/2)">
                  <conditions>
                    <condition number="133" type="jump" coverage="100%" />
                  </conditions>
                </line>
                <line number="19" hits="3" branch="False" />
                <line number="20" hits="3" branch="False" />
                <line number="21" hits="3" branch="False" />
                <line number="22" hits="9" branch="True" condition-coverage="75% (3/4)">
                  <conditions>
                    <condition number="152" type="jump" coverage="50%" />
                    <condition number="165" type="jump" coverage="100%" />
                  </conditions>
                </line>
                <line number="23" hits="4" branch="False" />
                <line number="24" hits="4" branch="False" />
                <line number="25" hits="4" branch="False" />
                <line number="26" hits="4" branch="False" />
                <line number="28" hits="5" branch="False" />
                <line number="29" hits="5" branch="False" />
                <line number="31" hits="5" branch="True" condition-coverage="50% (1/2)">
                  <conditions>
                    <condition number="256" type="jump" coverage="50%" />
                  </conditions>
                </line>
                <line number="32" hits="0" branch="False" />
                <line number="33" hits="0" branch="False" />
                <line number="34" hits="0" branch="False" />
                <line number="36" hits="5" branch="False" />
                <line number="37" hits="5" branch="False" />
                <line number="38" hits="5" branch="False" />
                <line number="39" hits="5" branch="False" />
                <line number="40" hits="5" branch="False" />
                <line number="41" hits="12" branch="False" />
                <line number="43" hits="12" branch="False" />
              </lines>
            </method>
          </methods>
          <lines>
            <line number="6" hits="22" branch="False" />
            <line number="8" hits="22" branch="False" />
            <line number="9" hits="22" branch="False" />
            <line number="10" hits="22" branch="False" />
            <line number="11" hits="22" branch="True" condition-coverage="100% (8/8)">
              <conditions>
                <condition number="43" type="jump" coverage="100%" />
                <condition number="52" type="jump" coverage="100%" />
                <condition number="61" type="jump" coverage="100%" />
                <condition number="77" type="jump" coverage="100%" />
              </conditions>
            </line>
            <line number="12" hits="10" branch="False" />
            <line number="14" hits="12" branch="False" />
            <line number="15" hits="12" branch="False" />
            <line number="16" hits="12" branch="False" />
            <line number="17" hits="12" branch="False" />
            <line number="18" hits="12" branch="True" condition-coverage="100% (2/2)">
              <conditions>
                <condition number="133" type="jump" coverage="100%" />
              </conditions>
            </line>
            <line number="19" hits="3" branch="False" />
            <line number="20" hits="3" branch="False" />
            <line number="21" hits="3" branch="False" />
            <line number="22" hits="9" branch="True" condition-coverage="75% (3/4)">
              <conditions>
                <condition number="152" type="jump" coverage="50%" />
                <condition number="165" type="jump" coverage="100%" />
              </conditions>
            </line>
            <line number="23" hits="4" branch="False" />
            <line number="24" hits="4" branch="False" />
            <line number="25" hits="4" branch="False" />
            <line number="26" hits="4" branch="False" />
            <line number="28" hits="5" branch="False" />
            <line number="29" hits="5" branch="False" />
            <line number="31" hits="5" branch="True" condition-coverage="50% (1/2)">
              <conditions>
                <condition number="256" type="jump" coverage="50%" />
              </conditions>
            </line>
            <line number="32" hits="0" branch="False" />
            <line number="33" hits="0" branch="False" />
            <line number="34" hits="0" branch="False" />
            <line number="36" hits="5" branch="False" />
            <line number="37" hits="5" branch="False" />
            <line number="38" hits="5" branch="False" />
            <line number="39" hits="5" branch="False" />
            <line number="40" hits="5" branch="False" />
            <line number="41" hits="12" branch="False" />
            <line number="43" hits="12" branch="False" />
          </lines>
        </class>
      </classes>
    </package>
  </packages>
</coverage>